SF:lib/model/number_trivia.dart
DA:8,2
DA:13,1
DA:14,3
DA:16,1
DA:17,1
DA:18,1
DA:19,2
DA:23,1
DA:24,1
DA:25,1
DA:26,1
LF:11
LH:11
end_of_record
SF:lib/provider/number_trivia_provider.dart
DA:10,1
DA:12,1
DA:13,2
LF:3
LH:3
end_of_record
SF:lib/model/failures.dart
DA:4,0
DA:5,0
LF:2
LH:0
end_of_record
SF:lib/main.dart
DA:3,0
DA:7,1
DA:9,1
DA:11,1
DA:23,1
DA:29,2
DA:42,1
DA:43,1
DA:49,1
DA:50,2
DA:56,2
DA:60,1
DA:68,1
DA:69,1
DA:72,3
DA:74,1
DA:77,1
DA:93,1
DA:94,1
DA:97,1
DA:98,2
DA:99,3
DA:104,1
DA:105,1
DA:107,1
LF:25
LH:24
end_of_record
